<?xml version="1.0" encoding="UTF-8"?>
<!-- Generated by org.testng.reporters.JUnitReportReporter -->
<testsuite hostname="Dreammoon" failures="0" tests="1" name="runnerClass.RunnerCukes" time="0.271" errors="0" timestamp="29 Nov 2018 05:08:27 GMT">
  <testcase classname="runnerClass.RunnerCukes" name="run_cukes" time="0.271"/>
</testsuite> <!-- runnerClass.RunnerCukes -->
